  [4;36;1mSQL (0.9ms)[0m   [0;1m SELECT name
 FROM sqlite_master
 WHERE type = 'table' AND NOT name = 'sqlite_sequence'
[0m
  [4;35;1mSQL (0.4ms)[0m   [0mselect sqlite_version(*)[0m
  [4;36;1mSQL (3.3ms)[0m   [0;1mCREATE TABLE "schema_migrations" ("version" varchar(255) NOT NULL) [0m
  [4;35;1mSQL (3.0ms)[0m   [0mCREATE UNIQUE INDEX "unique_schema_migrations" ON "schema_migrations" ("version")[0m
  [4;36;1mSQL (0.2ms)[0m   [0;1m SELECT name
 FROM sqlite_master
 WHERE type = 'table' AND NOT name = 'sqlite_sequence'
[0m
  [4;35;1mSQL (0.4ms)[0m   [0mSELECT version FROM schema_migrations[0m
Migrating to CreateAccounts (20100112194353)
  [4;36;1mSQL (0.5ms)[0m   [0;1mCREATE TABLE "accounts" ("id" INTEGER PRIMARY KEY AUTOINCREMENT NOT NULL, "tracker_token" varchar(255), "created_at" datetime, "updated_at" datetime) [0m
  [4;35;1mSQL (0.1ms)[0m   [0mINSERT INTO schema_migrations (version) VALUES ('20100112194353')[0m
  [4;36;1mSQL (0.3ms)[0m   [0;1m SELECT name
 FROM sqlite_master
 WHERE type = 'table' AND NOT name = 'sqlite_sequence'
[0m
  [4;35;1mSQL (0.1ms)[0m   [0mSELECT version FROM schema_migrations[0m
  [4;36;1mSQL (0.1ms)[0m   [0;1m SELECT name
 FROM sqlite_master
 WHERE type = 'table' AND NOT name = 'sqlite_sequence'
[0m
  [4;35;1mSQL (0.0ms)[0m   [0mPRAGMA index_list("accounts")[0m
  [4;36;1mSQL (0.5ms)[0m   [0;1m SELECT name
 FROM sqlite_master
 WHERE type = 'table' AND NOT name = 'sqlite_sequence'
[0m
  [4;36;1mAccount Load (0.5ms)[0m   [0;1mSELECT * FROM "accounts" LIMIT 1[0m
  [4;35;1mAccount Create (0.8ms)[0m   [0mINSERT INTO "accounts" ("created_at", "updated_at", "tracker_token") VALUES('2010-01-12 19:59:49', '2010-01-12 19:59:49', NULL)[0m
  [4;36;1mAccount Update (0.6ms)[0m   [0;1mUPDATE "accounts" SET "tracker_token" = '2d3c730b57fe31b9df5a90d32ea99011', "updated_at" = '2010-01-12 20:00:22' WHERE "id" = 1[0m
  [4;36;1mSQL (0.6ms)[0m   [0;1m SELECT name
 FROM sqlite_master
 WHERE type = 'table' AND NOT name = 'sqlite_sequence'
[0m
  [4;35;1mSQL (0.1ms)[0m   [0mSELECT version FROM schema_migrations[0m
Migrating to CreateAccounts (20100112194353)
Migrating to CreateOtherModels (20100112200342)
  [4;36;1mSQL (0.1ms)[0m   [0;1mselect sqlite_version(*)[0m
  [4;35;1mSQL (0.5ms)[0m   [0mCREATE TABLE "other_models" ("id" INTEGER PRIMARY KEY AUTOINCREMENT NOT NULL, "account_id" integer, "tracker_story_id" integer, "note" varchar(255), "created_at" datetime, "updated_at" datetime) [0m
  [4;36;1mSQL (0.1ms)[0m   [0;1mINSERT INTO schema_migrations (version) VALUES ('20100112200342')[0m
  [4;35;1mSQL (0.3ms)[0m   [0m SELECT name
 FROM sqlite_master
 WHERE type = 'table' AND NOT name = 'sqlite_sequence'
[0m
  [4;36;1mSQL (0.1ms)[0m   [0;1mSELECT version FROM schema_migrations[0m
  [4;35;1mSQL (0.1ms)[0m   [0m SELECT name
 FROM sqlite_master
 WHERE type = 'table' AND NOT name = 'sqlite_sequence'
[0m
  [4;36;1mSQL (0.0ms)[0m   [0;1mPRAGMA index_list("accounts")[0m
  [4;35;1mSQL (0.0ms)[0m   [0mPRAGMA index_list("other_models")[0m
  [4;36;1mAccount Load (0.7ms)[0m   [0;1mSELECT * FROM "accounts" LIMIT 1[0m
  [4;35;1mAccount Load (0.4ms)[0m   [0mSELECT * FROM "accounts" LIMIT 1[0m
  [4;36;1mAccount Load (0.5ms)[0m   [0;1mSELECT * FROM "accounts" LIMIT 1[0m
  [4;35;1mAccount Load (0.3ms)[0m   [0mSELECT * FROM "accounts" LIMIT 1[0m
  [4;36;1mAccount Load (0.8ms)[0m   [0;1mSELECT * FROM "accounts" LIMIT 1[0m
  [4;35;1mAccount Load (0.4ms)[0m   [0mSELECT * FROM "accounts" LIMIT 1[0m
  [4;36;1mOtherModel Create (0.5ms)[0m   [0;1mINSERT INTO "other_models" ("tracker_story_id", "created_at", "updated_at", "account_id", "note") VALUES(2169184, '2010-01-12 20:13:30', '2010-01-12 20:13:30', 1, NULL)[0m
  [4;35;1mAccount Load (7.5ms)[0m   [0mSELECT * FROM "accounts" LIMIT 1[0m
  [4;36;1mSQL (0.3ms)[0m   [0;1m SELECT name
 FROM sqlite_master
 WHERE type = 'table' AND NOT name = 'sqlite_sequence'
[0m
  [4;35;1mSQL (0.2ms)[0m   [0mselect sqlite_version(*)[0m
  [4;36;1mSQL (3.7ms)[0m   [0;1mCREATE TABLE "schema_migrations" ("version" varchar(255) NOT NULL) [0m
  [4;35;1mSQL (3.8ms)[0m   [0mCREATE UNIQUE INDEX "unique_schema_migrations" ON "schema_migrations" ("version")[0m
  [4;36;1mSQL (0.2ms)[0m   [0;1m SELECT name
 FROM sqlite_master
 WHERE type = 'table' AND NOT name = 'sqlite_sequence'
[0m
  [4;35;1mSQL (0.4ms)[0m   [0mSELECT version FROM schema_migrations[0m
Migrating to CreateAccounts (20100112194353)
  [4;36;1mSQL (0.5ms)[0m   [0;1mCREATE TABLE "accounts" ("id" INTEGER PRIMARY KEY AUTOINCREMENT NOT NULL, "tracker_token" varchar(255), "created_at" datetime, "updated_at" datetime) [0m
  [4;35;1mSQL (0.1ms)[0m   [0mINSERT INTO schema_migrations (version) VALUES ('20100112194353')[0m
Migrating to CreateOtherModels (20100112200342)
  [4;36;1mSQL (1.4ms)[0m   [0;1mCREATE TABLE "other_models" ("id" INTEGER PRIMARY KEY AUTOINCREMENT NOT NULL, "account_id" integer, "tracker_story_id" integer, "tracker_project_id" integer, "note" varchar(255), "created_at" datetime, "updated_at" datetime) [0m
  [4;35;1mSQL (0.1ms)[0m   [0mINSERT INTO schema_migrations (version) VALUES ('20100112200342')[0m
  [4;36;1mSQL (1.0ms)[0m   [0;1m SELECT name
 FROM sqlite_master
 WHERE type = 'table' AND NOT name = 'sqlite_sequence'
[0m
  [4;35;1mSQL (0.1ms)[0m   [0mSELECT version FROM schema_migrations[0m
  [4;36;1mSQL (0.2ms)[0m   [0;1m SELECT name
 FROM sqlite_master
 WHERE type = 'table' AND NOT name = 'sqlite_sequence'
[0m
  [4;35;1mSQL (0.0ms)[0m   [0mPRAGMA index_list("accounts")[0m
  [4;36;1mSQL (0.1ms)[0m   [0;1mPRAGMA index_list("other_models")[0m
  [4;36;1mAccount Create (0.4ms)[0m   [0;1mINSERT INTO "accounts" ("created_at", "updated_at", "tracker_token") VALUES('2010-01-12 20:18:22', '2010-01-12 20:18:22', NULL)[0m
  [4;35;1mAccount Update (0.4ms)[0m   [0mUPDATE "accounts" SET "tracker_token" = '2d3c730b57fe31b9df5a90d32ea99011', "updated_at" = '2010-01-12 20:18:27' WHERE "id" = 1[0m
  [4;36;1mSQL (0.3ms)[0m   [0;1m SELECT name
 FROM sqlite_master
 WHERE type = 'table' AND NOT name = 'sqlite_sequence'
[0m
  [4;35;1mSQL (0.1ms)[0m   [0mselect sqlite_version(*)[0m
  [4;36;1mSQL (3.5ms)[0m   [0;1mCREATE TABLE "schema_migrations" ("version" varchar(255) NOT NULL) [0m
  [4;35;1mSQL (2.8ms)[0m   [0mCREATE UNIQUE INDEX "unique_schema_migrations" ON "schema_migrations" ("version")[0m
  [4;36;1mSQL (0.2ms)[0m   [0;1m SELECT name
 FROM sqlite_master
 WHERE type = 'table' AND NOT name = 'sqlite_sequence'
[0m
  [4;35;1mSQL (0.1ms)[0m   [0mSELECT version FROM schema_migrations[0m
Migrating to CreateAccounts (20100112194353)
  [4;36;1mSQL (0.5ms)[0m   [0;1mCREATE TABLE "accounts" ("id" INTEGER PRIMARY KEY AUTOINCREMENT NOT NULL, "tracker_token" varchar(255), "created_at" datetime, "updated_at" datetime) [0m
  [4;35;1mSQL (0.1ms)[0m   [0mINSERT INTO schema_migrations (version) VALUES ('20100112194353')[0m
Migrating to CreateOtherModels (20100112200342)
  [4;36;1mSQL (0.4ms)[0m   [0;1mCREATE TABLE "other_models" ("id" INTEGER PRIMARY KEY AUTOINCREMENT NOT NULL, "account_id" integer, "tracker_project_id" integer, "note" varchar(255), "created_at" datetime, "updated_at" datetime) [0m
  [4;35;1mSQL (0.1ms)[0m   [0mINSERT INTO schema_migrations (version) VALUES ('20100112200342')[0m
  [4;36;1mSQL (0.5ms)[0m   [0;1m SELECT name
 FROM sqlite_master
 WHERE type = 'table' AND NOT name = 'sqlite_sequence'
[0m
  [4;35;1mSQL (0.1ms)[0m   [0mSELECT version FROM schema_migrations[0m
  [4;36;1mSQL (0.2ms)[0m   [0;1m SELECT name
 FROM sqlite_master
 WHERE type = 'table' AND NOT name = 'sqlite_sequence'
[0m
  [4;35;1mSQL (0.0ms)[0m   [0mPRAGMA index_list("accounts")[0m
  [4;36;1mSQL (0.0ms)[0m   [0;1mPRAGMA index_list("other_models")[0m
  [4;36;1mAccount Create (0.7ms)[0m   [0;1mINSERT INTO "accounts" ("created_at", "updated_at", "tracker_token") VALUES('2010-01-12 20:20:20', '2010-01-12 20:20:20', NULL)[0m
  [4;35;1mAccount Update (2.4ms)[0m   [0mUPDATE "accounts" SET "tracker_token" = '2d3c730b57fe31b9df5a90d32ea99011', "updated_at" = '2010-01-12 20:20:23' WHERE "id" = 1[0m
  [4;36;1mOtherModel Create (0.3ms)[0m   [0;1mINSERT INTO "other_models" ("created_at", "updated_at", "account_id", "note", "tracker_project_id") VALUES('2010-01-12 20:20:48', '2010-01-12 20:20:48', 1, NULL, 50331)[0m
  [4;35;1mOtherModel Load (0.5ms)[0m   [0mSELECT * FROM "other_models" LIMIT 1[0m
  [4;36;1mAccount Load (0.1ms)[0m   [0;1mSELECT * FROM "accounts" WHERE ("accounts"."id" = 1) [0m
  [4;35;1mOtherModel Load (0.4ms)[0m   [0mSELECT * FROM "other_models" LIMIT 1[0m
  [4;36;1mAccount Load (0.2ms)[0m   [0;1mSELECT * FROM "accounts" WHERE ("accounts"."id" = 1) [0m
  [4;36;1mAccount Load (0.8ms)[0m   [0;1mSELECT * FROM "accounts" LIMIT 1[0m
  [4;35;1mAccount Load (0.4ms)[0m   [0mSELECT * FROM "accounts" LIMIT 1[0m
  [4;36;1mAccount Load (0.3ms)[0m   [0;1mSELECT * FROM "accounts" LIMIT 1[0m
  [4;35;1mAccount Load (0.3ms)[0m   [0mSELECT * FROM "accounts" WHERE ("accounts"."id" = 1) [0m
  [4;36;1mAccount Load (0.3ms)[0m   [0;1mSELECT * FROM "accounts" LIMIT 1[0m
  [4;35;1mAccount Load (0.3ms)[0m   [0mSELECT * FROM "accounts" LIMIT 1[0m
  [4;36;1mAccount Load (1.1ms)[0m   [0;1mSELECT * FROM "accounts" LIMIT 1[0m
  [4;35;1mAccount Load (0.3ms)[0m   [0mSELECT * FROM "accounts" LIMIT 1[0m
  [4;36;1mAccount Load (0.3ms)[0m   [0;1mSELECT * FROM "accounts" WHERE ("accounts"."id" = 1) [0m
  [4;35;1mAccount Load (0.3ms)[0m   [0mSELECT * FROM "accounts" LIMIT 1[0m
  [4;36;1mAccount Load (0.3ms)[0m   [0;1mSELECT * FROM "accounts" WHERE ("accounts"."id" = 1) [0m
  [4;35;1mAccount Load (3.7ms)[0m   [0mSELECT * FROM "accounts" LIMIT 1[0m
  [4;36;1mAccount Load (0.3ms)[0m   [0;1mSELECT * FROM "accounts" LIMIT 1[0m
  [4;35;1mAccount Load (0.4ms)[0m   [0mSELECT * FROM "accounts" LIMIT 1[0m
  [4;36;1mAccount Load (1.1ms)[0m   [0;1mSELECT * FROM "accounts" LIMIT 1[0m
  [4;35;1mAccount Update (0.8ms)[0m   [0mUPDATE "accounts" SET "updated_at" = '2010-01-12 20:33:45' WHERE "id" = 1[0m
  [4;36;1mAccount Load (0.4ms)[0m   [0;1mSELECT * FROM "accounts" WHERE ("accounts"."id" = 1) [0m
